{"C:\\Mandus\\Chas Academy\\FJSX24\\BACKENDUTVECKLING 60yhp\\FJSX24-Backendutveckling-Vecka22\\wednesdayAgenda\\serverCA.js": {"path":"C:\\Mandus\\Chas Academy\\FJSX24\\BACKENDUTVECKLING 60yhp\\FJSX24-Backendutveckling-Vecka22\\wednesdayAgenda\\serverCA.js","statementMap":{"0":{"start":{"line":1,"column":16},"end":{"line":1,"column":34}},"1":{"start":{"line":3,"column":14},"end":{"line":3,"column":23}},"2":{"start":{"line":4,"column":0},"end":{"line":4,"column":26}},"3":{"start":{"line":7,"column":0},"end":{"line":9,"column":3}},"4":{"start":{"line":8,"column":2},"end":{"line":8,"column":31}},"5":{"start":{"line":12,"column":0},"end":{"line":14,"column":1}},"6":{"start":{"line":13,"column":2},"end":{"line":13,"column":54}},"7":{"start":{"line":13,"column":25},"end":{"line":13,"column":52}},"8":{"start":{"line":17,"column":0},"end":{"line":17,"column":23}}},"fnMap":{"0":{"name":"(anonymous_0)","decl":{"start":{"line":7,"column":26},"end":{"line":7,"column":27}},"loc":{"start":{"line":7,"column":40},"end":{"line":9,"column":1}},"line":7},"1":{"name":"(anonymous_1)","decl":{"start":{"line":13,"column":19},"end":{"line":13,"column":20}},"loc":{"start":{"line":13,"column":25},"end":{"line":13,"column":52}},"line":13}},"branchMap":{"0":{"loc":{"start":{"line":12,"column":0},"end":{"line":14,"column":1}},"type":"if","locations":[{"start":{"line":12,"column":0},"end":{"line":14,"column":1}},{"start":{},"end":{}}],"line":12}},"s":{"0":1,"1":1,"2":1,"3":1,"4":1,"5":1,"6":0,"7":0,"8":1},"f":{"0":1,"1":0},"b":{"0":[0,1]},"_coverageSchema":"1a1c01bbd47fc00a2c39e90264f33305004495a9","hash":"d4089695dfaf6a634414b272dc8e21676a8115b4"}
,"C:\\Mandus\\Chas Academy\\FJSX24\\BACKENDUTVECKLING 60yhp\\FJSX24-Backendutveckling-Vecka22\\wednesdayAgenda\\srcCA\\dbCA.js": {"path":"C:\\Mandus\\Chas Academy\\FJSX24\\BACKENDUTVECKLING 60yhp\\FJSX24-Backendutveckling-Vecka22\\wednesdayAgenda\\srcCA\\dbCA.js","statementMap":{"0":{"start":{"line":4,"column":2},"end":{"line":4,"column":35}},"1":{"start":{"line":9,"column":0},"end":{"line":9,"column":38}}},"fnMap":{"0":{"name":"getUsersFromDbCA","decl":{"start":{"line":3,"column":9},"end":{"line":3,"column":25}},"loc":{"start":{"line":3,"column":28},"end":{"line":5,"column":1}},"line":3}},"branchMap":{},"s":{"0":0,"1":1},"f":{"0":0},"b":{},"_coverageSchema":"1a1c01bbd47fc00a2c39e90264f33305004495a9","hash":"f61dd968aaabaa1663b8b5268db4c5af554dbc28"}
,"C:\\Mandus\\Chas Academy\\FJSX24\\BACKENDUTVECKLING 60yhp\\FJSX24-Backendutveckling-Vecka22\\wednesdayAgenda\\srcCA\\mathCA.js": {"path":"C:\\Mandus\\Chas Academy\\FJSX24\\BACKENDUTVECKLING 60yhp\\FJSX24-Backendutveckling-Vecka22\\wednesdayAgenda\\srcCA\\mathCA.js","statementMap":{"0":{"start":{"line":3,"column":2},"end":{"line":3,"column":15}},"1":{"start":{"line":8,"column":2},"end":{"line":8,"column":15}},"2":{"start":{"line":12,"column":0},"end":{"line":12,"column":39}}},"fnMap":{"0":{"name":"addCA","decl":{"start":{"line":2,"column":9},"end":{"line":2,"column":14}},"loc":{"start":{"line":2,"column":21},"end":{"line":4,"column":1}},"line":2},"1":{"name":"multiplyCA","decl":{"start":{"line":7,"column":9},"end":{"line":7,"column":19}},"loc":{"start":{"line":7,"column":26},"end":{"line":9,"column":1}},"line":7}},"branchMap":{},"s":{"0":1,"1":0,"2":1},"f":{"0":1,"1":0},"b":{},"_coverageSchema":"1a1c01bbd47fc00a2c39e90264f33305004495a9","hash":"8f2baf6296085218637b9af8854fce4cd01f7e3f"}
,"C:\\Mandus\\Chas Academy\\FJSX24\\BACKENDUTVECKLING 60yhp\\FJSX24-Backendutveckling-Vecka22\\wednesdayAgenda\\srcCA\\serviceCA.js": {"path":"C:\\Mandus\\Chas Academy\\FJSX24\\BACKENDUTVECKLING 60yhp\\FJSX24-Backendutveckling-Vecka22\\wednesdayAgenda\\srcCA\\serviceCA.js","statementMap":{"0":{"start":{"line":3,"column":19},"end":{"line":3,"column":39}},"1":{"start":{"line":8,"column":18},"end":{"line":8,"column":47}},"2":{"start":{"line":9,"column":2},"end":{"line":9,"column":46}},"3":{"start":{"line":9,"column":33},"end":{"line":9,"column":44}},"4":{"start":{"line":12,"column":0},"end":{"line":12,"column":36}}},"fnMap":{"0":{"name":"getUserNamesCA","decl":{"start":{"line":7,"column":9},"end":{"line":7,"column":23}},"loc":{"start":{"line":7,"column":26},"end":{"line":10,"column":1}},"line":7},"1":{"name":"(anonymous_1)","decl":{"start":{"line":9,"column":21},"end":{"line":9,"column":22}},"loc":{"start":{"line":9,"column":33},"end":{"line":9,"column":44}},"line":9}},"branchMap":{},"s":{"0":1,"1":1,"2":1,"3":2,"4":1},"f":{"0":1,"1":2},"b":{},"_coverageSchema":"1a1c01bbd47fc00a2c39e90264f33305004495a9","hash":"c4cc8d8c3af29ab2f2466cf4c9818cd2e628bfd8"}
,"C:\\Mandus\\Chas Academy\\FJSX24\\BACKENDUTVECKLING 60yhp\\FJSX24-Backendutveckling-Vecka22\\wednesdayAgenda\\srcCA\\usersCA.js": {"path":"C:\\Mandus\\Chas Academy\\FJSX24\\BACKENDUTVECKLING 60yhp\\FJSX24-Backendutveckling-Vecka22\\wednesdayAgenda\\srcCA\\usersCA.js","statementMap":{"0":{"start":{"line":3,"column":0},"end":{"line":8,"column":2}},"1":{"start":{"line":7,"column":2},"end":{"line":7,"column":30}}},"fnMap":{"0":{"name":"(anonymous_0)","decl":{"start":{"line":3,"column":22},"end":{"line":3,"column":23}},"loc":{"start":{"line":3,"column":42},"end":{"line":8,"column":1}},"line":3}},"branchMap":{},"s":{"0":1,"1":2},"f":{"0":2},"b":{},"_coverageSchema":"1a1c01bbd47fc00a2c39e90264f33305004495a9","hash":"c0ae848546f4bbb8d50a7722ea0bc32dbeba225b"}
}
