TN:
SF:wednesdayAgenda\serverCA.js
FN:7,(anonymous_0)
FN:13,(anonymous_1)
FNF:2
FNH:1
FNDA:1,(anonymous_0)
FNDA:0,(anonymous_1)
DA:1,1
DA:3,1
DA:4,1
DA:7,1
DA:8,1
DA:12,1
DA:13,0
DA:17,1
LF:8
LH:7
BRDA:12,0,0,0
BRDA:12,0,1,1
BRF:2
BRH:1
end_of_record
TN:
SF:wednesdayAgenda\srcCA\dbCA.js
FN:3,getUsersFromDbCA
FNF:1
FNH:0
FNDA:0,getUsersFromDbCA
DA:4,0
DA:9,1
LF:2
LH:1
BRF:0
BRH:0
end_of_record
TN:
SF:wednesdayAgenda\srcCA\mathCA.js
FN:2,addCA
FN:7,multiplyCA
FNF:2
FNH:1
FNDA:1,addCA
FNDA:0,multiplyCA
DA:3,1
DA:8,0
DA:12,1
LF:3
LH:2
BRF:0
BRH:0
end_of_record
TN:
SF:wednesdayAgenda\srcCA\serviceCA.js
FN:7,getUserNamesCA
FN:9,(anonymous_1)
FNF:2
FNH:2
FNDA:1,getUserNamesCA
FNDA:2,(anonymous_1)
DA:3,1
DA:8,1
DA:9,2
DA:12,1
LF:4
LH:4
BRF:0
BRH:0
end_of_record
TN:
SF:wednesdayAgenda\srcCA\usersCA.js
FN:3,(anonymous_0)
FNF:1
FNH:1
FNDA:2,(anonymous_0)
DA:3,1
DA:7,2
LF:2
LH:2
BRF:0
BRH:0
end_of_record
